  Motor.cpp
C:\Users\34690\OneDrive\Documentos\TERCERO DE CARRERA\SEGUNDO CUATRIMESTRE\PROYECTOS III\P3-Motor\Dependencies\Ogre\Src\OgreMain\include\OgreVector.h(120,30): warning C4251: 'Ogre::VectorBase<2,Ogre::Real>::ZERO': class 'Ogre::Vector<2,Ogre::Real>' necesita tener una interfaz DLL para que la utilicen los clientes de struct 'Ogre::VectorBase<2,Ogre::Real>'
C:\Users\34690\OneDrive\Documentos\TERCERO DE CARRERA\SEGUNDO CUATRIMESTRE\PROYECTOS III\P3-Motor\Dependencies\Ogre\Src\OgreMain\include\OgrePrerequisites.h(250,13): message : vea la declaración de 'Ogre::Vector<2,Ogre::Real>'
C:\Users\34690\OneDrive\Documentos\TERCERO DE CARRERA\SEGUNDO CUATRIMESTRE\PROYECTOS III\P3-Motor\Dependencies\Ogre\Src\OgreMain\include\OgreVector.h(121,30): warning C4251: 'Ogre::VectorBase<2,Ogre::Real>::UNIT_X': class 'Ogre::Vector<2,Ogre::Real>' necesita tener una interfaz DLL para que la utilicen los clientes de struct 'Ogre::VectorBase<2,Ogre::Real>'
C:\Users\34690\OneDrive\Documentos\TERCERO DE CARRERA\SEGUNDO CUATRIMESTRE\PROYECTOS III\P3-Motor\Dependencies\Ogre\Src\OgreMain\include\OgrePrerequisites.h(250,13): message : vea la declaración de 'Ogre::Vector<2,Ogre::Real>'
C:\Users\34690\OneDrive\Documentos\TERCERO DE CARRERA\SEGUNDO CUATRIMESTRE\PROYECTOS III\P3-Motor\Dependencies\Ogre\Src\OgreMain\include\OgreVector.h(122,30): warning C4251: 'Ogre::VectorBase<2,Ogre::Real>::UNIT_Y': class 'Ogre::Vector<2,Ogre::Real>' necesita tener una interfaz DLL para que la utilicen los clientes de struct 'Ogre::VectorBase<2,Ogre::Real>'
C:\Users\34690\OneDrive\Documentos\TERCERO DE CARRERA\SEGUNDO CUATRIMESTRE\PROYECTOS III\P3-Motor\Dependencies\Ogre\Src\OgreMain\include\OgrePrerequisites.h(250,13): message : vea la declaración de 'Ogre::Vector<2,Ogre::Real>'
C:\Users\34690\OneDrive\Documentos\TERCERO DE CARRERA\SEGUNDO CUATRIMESTRE\PROYECTOS III\P3-Motor\Dependencies\Ogre\Src\OgreMain\include\OgreVector.h(123,30): warning C4251: 'Ogre::VectorBase<2,Ogre::Real>::NEGATIVE_UNIT_X': class 'Ogre::Vector<2,Ogre::Real>' necesita tener una interfaz DLL para que la utilicen los clientes de struct 'Ogre::VectorBase<2,Ogre::Real>'
C:\Users\34690\OneDrive\Documentos\TERCERO DE CARRERA\SEGUNDO CUATRIMESTRE\PROYECTOS III\P3-Motor\Dependencies\Ogre\Src\OgreMain\include\OgrePrerequisites.h(250,13): message : vea la declaración de 'Ogre::Vector<2,Ogre::Real>'
C:\Users\34690\OneDrive\Documentos\TERCERO DE CARRERA\SEGUNDO CUATRIMESTRE\PROYECTOS III\P3-Motor\Dependencies\Ogre\Src\OgreMain\include\OgreVector.h(124,30): warning C4251: 'Ogre::VectorBase<2,Ogre::Real>::NEGATIVE_UNIT_Y': class 'Ogre::Vector<2,Ogre::Real>' necesita tener una interfaz DLL para que la utilicen los clientes de struct 'Ogre::VectorBase<2,Ogre::Real>'
C:\Users\34690\OneDrive\Documentos\TERCERO DE CARRERA\SEGUNDO CUATRIMESTRE\PROYECTOS III\P3-Motor\Dependencies\Ogre\Src\OgreMain\include\OgrePrerequisites.h(250,13): message : vea la declaración de 'Ogre::Vector<2,Ogre::Real>'
C:\Users\34690\OneDrive\Documentos\TERCERO DE CARRERA\SEGUNDO CUATRIMESTRE\PROYECTOS III\P3-Motor\Dependencies\Ogre\Src\OgreMain\include\OgreVector.h(125,30): warning C4251: 'Ogre::VectorBase<2,Ogre::Real>::UNIT_SCALE': class 'Ogre::Vector<2,Ogre::Real>' necesita tener una interfaz DLL para que la utilicen los clientes de struct 'Ogre::VectorBase<2,Ogre::Real>'
C:\Users\34690\OneDrive\Documentos\TERCERO DE CARRERA\SEGUNDO CUATRIMESTRE\PROYECTOS III\P3-Motor\Dependencies\Ogre\Src\OgreMain\include\OgrePrerequisites.h(250,13): message : vea la declaración de 'Ogre::Vector<2,Ogre::Real>'
C:\Users\34690\OneDrive\Documentos\TERCERO DE CARRERA\SEGUNDO CUATRIMESTRE\PROYECTOS III\P3-Motor\Dependencies\Ogre\Src\OgreMain\include\OgreVector.h(256,30): warning C4251: 'Ogre::VectorBase<3,Ogre::Real>::ZERO': class 'Ogre::Vector<3,Ogre::Real>' necesita tener una interfaz DLL para que la utilicen los clientes de struct 'Ogre::VectorBase<3,Ogre::Real>'
C:\Users\34690\OneDrive\Documentos\TERCERO DE CARRERA\SEGUNDO CUATRIMESTRE\PROYECTOS III\P3-Motor\Dependencies\Ogre\Src\OgreMain\include\OgrePrerequisites.h(252,13): message : vea la declaración de 'Ogre::Vector<3,Ogre::Real>'
C:\Users\34690\OneDrive\Documentos\TERCERO DE CARRERA\SEGUNDO CUATRIMESTRE\PROYECTOS III\P3-Motor\Dependencies\Ogre\Src\OgreMain\include\OgreVector.h(257,30): warning C4251: 'Ogre::VectorBase<3,Ogre::Real>::UNIT_X': class 'Ogre::Vector<3,Ogre::Real>' necesita tener una interfaz DLL para que la utilicen los clientes de struct 'Ogre::VectorBase<3,Ogre::Real>'
C:\Users\34690\OneDrive\Documentos\TERCERO DE CARRERA\SEGUNDO CUATRIMESTRE\PROYECTOS III\P3-Motor\Dependencies\Ogre\Src\OgreMain\include\OgrePrerequisites.h(252,13): message : vea la declaración de 'Ogre::Vector<3,Ogre::Real>'
C:\Users\34690\OneDrive\Documentos\TERCERO DE CARRERA\SEGUNDO CUATRIMESTRE\PROYECTOS III\P3-Motor\Dependencies\Ogre\Src\OgreMain\include\OgreVector.h(258,30): warning C4251: 'Ogre::VectorBase<3,Ogre::Real>::UNIT_Y': class 'Ogre::Vector<3,Ogre::Real>' necesita tener una interfaz DLL para que la utilicen los clientes de struct 'Ogre::VectorBase<3,Ogre::Real>'
C:\Users\34690\OneDrive\Documentos\TERCERO DE CARRERA\SEGUNDO CUATRIMESTRE\PROYECTOS III\P3-Motor\Dependencies\Ogre\Src\OgreMain\include\OgrePrerequisites.h(252,13): message : vea la declaración de 'Ogre::Vector<3,Ogre::Real>'
C:\Users\34690\OneDrive\Documentos\TERCERO DE CARRERA\SEGUNDO CUATRIMESTRE\PROYECTOS III\P3-Motor\Dependencies\Ogre\Src\OgreMain\include\OgreVector.h(259,30): warning C4251: 'Ogre::VectorBase<3,Ogre::Real>::UNIT_Z': class 'Ogre::Vector<3,Ogre::Real>' necesita tener una interfaz DLL para que la utilicen los clientes de struct 'Ogre::VectorBase<3,Ogre::Real>'
C:\Users\34690\OneDrive\Documentos\TERCERO DE CARRERA\SEGUNDO CUATRIMESTRE\PROYECTOS III\P3-Motor\Dependencies\Ogre\Src\OgreMain\include\OgrePrerequisites.h(252,13): message : vea la declaración de 'Ogre::Vector<3,Ogre::Real>'
C:\Users\34690\OneDrive\Documentos\TERCERO DE CARRERA\SEGUNDO CUATRIMESTRE\PROYECTOS III\P3-Motor\Dependencies\Ogre\Src\OgreMain\include\OgreVector.h(260,30): warning C4251: 'Ogre::VectorBase<3,Ogre::Real>::NEGATIVE_UNIT_X': class 'Ogre::Vector<3,Ogre::Real>' necesita tener una interfaz DLL para que la utilicen los clientes de struct 'Ogre::VectorBase<3,Ogre::Real>'
C:\Users\34690\OneDrive\Documentos\TERCERO DE CARRERA\SEGUNDO CUATRIMESTRE\PROYECTOS III\P3-Motor\Dependencies\Ogre\Src\OgreMain\include\OgrePrerequisites.h(252,13): message : vea la declaración de 'Ogre::Vector<3,Ogre::Real>'
C:\Users\34690\OneDrive\Documentos\TERCERO DE CARRERA\SEGUNDO CUATRIMESTRE\PROYECTOS III\P3-Motor\Dependencies\Ogre\Src\OgreMain\include\OgreVector.h(261,30): warning C4251: 'Ogre::VectorBase<3,Ogre::Real>::NEGATIVE_UNIT_Y': class 'Ogre::Vector<3,Ogre::Real>' necesita tener una interfaz DLL para que la utilicen los clientes de struct 'Ogre::VectorBase<3,Ogre::Real>'
C:\Users\34690\OneDrive\Documentos\TERCERO DE CARRERA\SEGUNDO CUATRIMESTRE\PROYECTOS III\P3-Motor\Dependencies\Ogre\Src\OgreMain\include\OgrePrerequisites.h(252,13): message : vea la declaración de 'Ogre::Vector<3,Ogre::Real>'
C:\Users\34690\OneDrive\Documentos\TERCERO DE CARRERA\SEGUNDO CUATRIMESTRE\PROYECTOS III\P3-Motor\Dependencies\Ogre\Src\OgreMain\include\OgreVector.h(262,30): warning C4251: 'Ogre::VectorBase<3,Ogre::Real>::NEGATIVE_UNIT_Z': class 'Ogre::Vector<3,Ogre::Real>' necesita tener una interfaz DLL para que la utilicen los clientes de struct 'Ogre::VectorBase<3,Ogre::Real>'
C:\Users\34690\OneDrive\Documentos\TERCERO DE CARRERA\SEGUNDO CUATRIMESTRE\PROYECTOS III\P3-Motor\Dependencies\Ogre\Src\OgreMain\include\OgrePrerequisites.h(252,13): message : vea la declaración de 'Ogre::Vector<3,Ogre::Real>'
C:\Users\34690\OneDrive\Documentos\TERCERO DE CARRERA\SEGUNDO CUATRIMESTRE\PROYECTOS III\P3-Motor\Dependencies\Ogre\Src\OgreMain\include\OgreVector.h(263,30): warning C4251: 'Ogre::VectorBase<3,Ogre::Real>::UNIT_SCALE': class 'Ogre::Vector<3,Ogre::Real>' necesita tener una interfaz DLL para que la utilicen los clientes de struct 'Ogre::VectorBase<3,Ogre::Real>'
C:\Users\34690\OneDrive\Documentos\TERCERO DE CARRERA\SEGUNDO CUATRIMESTRE\PROYECTOS III\P3-Motor\Dependencies\Ogre\Src\OgreMain\include\OgrePrerequisites.h(252,13): message : vea la declaración de 'Ogre::Vector<3,Ogre::Real>'
C:\Users\34690\OneDrive\Documentos\TERCERO DE CARRERA\SEGUNDO CUATRIMESTRE\PROYECTOS III\P3-Motor\Dependencies\Ogre\Src\OgreMain\include\OgreVector.h(293,30): warning C4251: 'Ogre::VectorBase<4,Ogre::Real>::ZERO': class 'Ogre::Vector<4,Ogre::Real>' necesita tener una interfaz DLL para que la utilicen los clientes de struct 'Ogre::VectorBase<4,Ogre::Real>'
C:\Users\34690\OneDrive\Documentos\TERCERO DE CARRERA\SEGUNDO CUATRIMESTRE\PROYECTOS III\P3-Motor\Dependencies\Ogre\Src\OgreMain\include\OgrePrerequisites.h(255,13): message : vea la declaración de 'Ogre::Vector<4,Ogre::Real>'
C:\Users\34690\OneDrive\Documentos\TERCERO DE CARRERA\SEGUNDO CUATRIMESTRE\PROYECTOS III\P3-Motor\Dependencies\Ogre\Src\OgreMain\include\OgreAxisAlignedBox.h(66,17): warning C4251: 'Ogre::AxisAlignedBox::mMinimum': class 'Ogre::Vector<3,Ogre::Real>' necesita tener una interfaz DLL para que la utilicen los clientes de class 'Ogre::AxisAlignedBox'
C:\Users\34690\OneDrive\Documentos\TERCERO DE CARRERA\SEGUNDO CUATRIMESTRE\PROYECTOS III\P3-Motor\Dependencies\Ogre\Src\OgreMain\include\OgrePrerequisites.h(252,13): message : vea la declaración de 'Ogre::Vector<3,Ogre::Real>'
C:\Users\34690\OneDrive\Documentos\TERCERO DE CARRERA\SEGUNDO CUATRIMESTRE\PROYECTOS III\P3-Motor\Dependencies\Ogre\Src\OgreMain\include\OgreAxisAlignedBox.h(67,17): warning C4251: 'Ogre::AxisAlignedBox::mMaximum': class 'Ogre::Vector<3,Ogre::Real>' necesita tener una interfaz DLL para que la utilicen los clientes de class 'Ogre::AxisAlignedBox'
C:\Users\34690\OneDrive\Documentos\TERCERO DE CARRERA\SEGUNDO CUATRIMESTRE\PROYECTOS III\P3-Motor\Dependencies\Ogre\Src\OgreMain\include\OgrePrerequisites.h(252,13): message : vea la declaración de 'Ogre::Vector<3,Ogre::Real>'
C:\Users\34690\OneDrive\Documentos\TERCERO DE CARRERA\SEGUNDO CUATRIMESTRE\PROYECTOS III\P3-Motor\Dependencies\Ogre\Src\OgreMain\include\OgrePlane.h(65,17): warning C4251: 'Ogre::Plane::normal': class 'Ogre::Vector<3,Ogre::Real>' necesita tener una interfaz DLL para que la utilicen los clientes de class 'Ogre::Plane'
C:\Users\34690\OneDrive\Documentos\TERCERO DE CARRERA\SEGUNDO CUATRIMESTRE\PROYECTOS III\P3-Motor\Dependencies\Ogre\Src\OgreMain\include\OgrePrerequisites.h(252,13): message : vea la declaración de 'Ogre::Vector<3,Ogre::Real>'
C:\Users\34690\OneDrive\Documentos\TERCERO DE CARRERA\SEGUNDO CUATRIMESTRE\PROYECTOS III\P3-Motor\Dependencies\Ogre\Src\OgreMain\include\OgreSphere.h(56,17): warning C4251: 'Ogre::Sphere::mCenter': class 'Ogre::Vector<3,Ogre::Real>' necesita tener una interfaz DLL para que la utilicen los clientes de class 'Ogre::Sphere'
C:\Users\34690\OneDrive\Documentos\TERCERO DE CARRERA\SEGUNDO CUATRIMESTRE\PROYECTOS III\P3-Motor\Dependencies\Ogre\Src\OgreMain\include\OgrePrerequisites.h(252,13): message : vea la declaración de 'Ogre::Vector<3,Ogre::Real>'
C:\Users\34690\OneDrive\Documentos\TERCERO DE CARRERA\SEGUNDO CUATRIMESTRE\PROYECTOS III\P3-Motor\Dependencies\Ogre\Src\OgreMain\include\OgreRay.h(48,17): warning C4251: 'Ogre::Ray::mOrigin': class 'Ogre::Vector<3,Ogre::Real>' necesita tener una interfaz DLL para que la utilicen los clientes de class 'Ogre::Ray'
C:\Users\34690\OneDrive\Documentos\TERCERO DE CARRERA\SEGUNDO CUATRIMESTRE\PROYECTOS III\P3-Motor\Dependencies\Ogre\Src\OgreMain\include\OgrePrerequisites.h(252,13): message : vea la declaración de 'Ogre::Vector<3,Ogre::Real>'
C:\Users\34690\OneDrive\Documentos\TERCERO DE CARRERA\SEGUNDO CUATRIMESTRE\PROYECTOS III\P3-Motor\Dependencies\Ogre\Src\OgreMain\include\OgreRay.h(49,17): warning C4251: 'Ogre::Ray::mDirection': class 'Ogre::Vector<3,Ogre::Real>' necesita tener una interfaz DLL para que la utilicen los clientes de class 'Ogre::Ray'
C:\Users\34690\OneDrive\Documentos\TERCERO DE CARRERA\SEGUNDO CUATRIMESTRE\PROYECTOS III\P3-Motor\Dependencies\Ogre\Src\OgreMain\include\OgrePrerequisites.h(252,13): message : vea la declaración de 'Ogre::Vector<3,Ogre::Real>'
C:\Users\34690\OneDrive\Documentos\TERCERO DE CARRERA\SEGUNDO CUATRIMESTRE\PROYECTOS III\P3-Motor\Dependencies\Ogre\Src\OgreMain\include\OgreHardwareBuffer.h(173,45): warning C4251: 'Ogre::HardwareBuffer::mDelegate': class 'std::unique_ptr<Ogre::HardwareBuffer,std::default_delete<Ogre::HardwareBuffer>>' necesita tener una interfaz DLL para que la utilicen los clientes de class 'Ogre::HardwareBuffer'
C:\Users\34690\OneDrive\Documentos\TERCERO DE CARRERA\SEGUNDO CUATRIMESTRE\PROYECTOS III\P3-Motor\Dependencies\Ogre\Src\OgreMain\include\OgreHardwareBuffer.h(173,18): message : vea la declaración de 'std::unique_ptr<Ogre::HardwareBuffer,std::default_delete<Ogre::HardwareBuffer>>'
C:\Users\34690\OneDrive\Documentos\TERCERO DE CARRERA\SEGUNDO CUATRIMESTRE\PROYECTOS III\P3-Motor\Dependencies\Ogre\Src\OgreMain\include\OgreHardwareBuffer.h(174,45): warning C4251: 'Ogre::HardwareBuffer::mShadowBuffer': class 'std::unique_ptr<Ogre::HardwareBuffer,std::default_delete<Ogre::HardwareBuffer>>' necesita tener una interfaz DLL para que la utilicen los clientes de class 'Ogre::HardwareBuffer'
C:\Users\34690\OneDrive\Documentos\TERCERO DE CARRERA\SEGUNDO CUATRIMESTRE\PROYECTOS III\P3-Motor\Dependencies\Ogre\Src\OgreMain\include\OgreHardwareBuffer.h(173,18): message : vea la declaración de 'std::unique_ptr<Ogre::HardwareBuffer,std::default_delete<Ogre::HardwareBuffer>>'
C:\Users\34690\OneDrive\Documentos\TERCERO DE CARRERA\SEGUNDO CUATRIMESTRE\PROYECTOS III\P3-Motor\Dependencies\Ogre\Src\OgreMain\include\OgreAutoParamDataSource.h(74,25): warning C4251: 'Ogre::AutoParamDataSource::mCameraPosition': class 'Ogre::Vector<4,Ogre::Real>' necesita tener una interfaz DLL para que la utilicen los clientes de class 'Ogre::AutoParamDataSource'
C:\Users\34690\OneDrive\Documentos\TERCERO DE CARRERA\SEGUNDO CUATRIMESTRE\PROYECTOS III\P3-Motor\Dependencies\Ogre\Src\OgreMain\include\OgrePrerequisites.h(255,13): message : vea la declaración de 'Ogre::Vector<4,Ogre::Real>'
C:\Users\34690\OneDrive\Documentos\TERCERO DE CARRERA\SEGUNDO CUATRIMESTRE\PROYECTOS III\P3-Motor\Dependencies\Ogre\Src\OgreMain\include\OgreAutoParamDataSource.h(75,25): warning C4251: 'Ogre::AutoParamDataSource::mCameraPositionObjectSpace': class 'Ogre::Vector<4,Ogre::Real>' necesita tener una interfaz DLL para que la utilicen los clientes de class 'Ogre::AutoParamDataSource'
C:\Users\34690\OneDrive\Documentos\TERCERO DE CARRERA\SEGUNDO CUATRIMESTRE\PROYECTOS III\P3-Motor\Dependencies\Ogre\Src\OgreMain\include\OgrePrerequisites.h(255,13): message : vea la declaración de 'Ogre::Vector<4,Ogre::Real>'
C:\Users\34690\OneDrive\Documentos\TERCERO DE CARRERA\SEGUNDO CUATRIMESTRE\PROYECTOS III\P3-Motor\Dependencies\Ogre\Src\OgreMain\include\OgreAutoParamDataSource.h(80,25): warning C4251: 'Ogre::AutoParamDataSource::mShadowCamDepthRanges': class 'Ogre::Vector<4,Ogre::Real>' necesita tener una interfaz DLL para que la utilicen los clientes de class 'Ogre::AutoParamDataSource'
C:\Users\34690\OneDrive\Documentos\TERCERO DE CARRERA\SEGUNDO CUATRIMESTRE\PROYECTOS III\P3-Motor\Dependencies\Ogre\Src\OgreMain\include\OgrePrerequisites.h(255,13): message : vea la declaración de 'Ogre::Vector<4,Ogre::Real>'
C:\Users\34690\OneDrive\Documentos\TERCERO DE CARRERA\SEGUNDO CUATRIMESTRE\PROYECTOS III\P3-Motor\Dependencies\Ogre\Src\OgreMain\include\OgreAutoParamDataSource.h(85,25): warning C4251: 'Ogre::AutoParamDataSource::mLodCameraPosition': class 'Ogre::Vector<4,Ogre::Real>' necesita tener una interfaz DLL para que la utilicen los clientes de class 'Ogre::AutoParamDataSource'
C:\Users\34690\OneDrive\Documentos\TERCERO DE CARRERA\SEGUNDO CUATRIMESTRE\PROYECTOS III\P3-Motor\Dependencies\Ogre\Src\OgreMain\include\OgrePrerequisites.h(255,13): message : vea la declaración de 'Ogre::Vector<4,Ogre::Real>'
C:\Users\34690\OneDrive\Documentos\TERCERO DE CARRERA\SEGUNDO CUATRIMESTRE\PROYECTOS III\P3-Motor\Dependencies\Ogre\Src\OgreMain\include\OgreAutoParamDataSource.h(86,25): warning C4251: 'Ogre::AutoParamDataSource::mLodCameraPositionObjectSpace': class 'Ogre::Vector<4,Ogre::Real>' necesita tener una interfaz DLL para que la utilicen los clientes de class 'Ogre::AutoParamDataSource'
C:\Users\34690\OneDrive\Documentos\TERCERO DE CARRERA\SEGUNDO CUATRIMESTRE\PROYECTOS III\P3-Motor\Dependencies\Ogre\Src\OgreMain\include\OgrePrerequisites.h(255,13): message : vea la declaración de 'Ogre::Vector<4,Ogre::Real>'
C:\Users\34690\OneDrive\Documentos\TERCERO DE CARRERA\SEGUNDO CUATRIMESTRE\PROYECTOS III\P3-Motor\Dependencies\Ogre\Src\OgreMain\include\OgreAutoParamDataSource.h(108,18): warning C4251: 'Ogre::AutoParamDataSource::mFogParams': class 'Ogre::Vector<4,Ogre::Real>' necesita tener una interfaz DLL para que la utilicen los clientes de class 'Ogre::AutoParamDataSource'
C:\Users\34690\OneDrive\Documentos\TERCERO DE CARRERA\SEGUNDO CUATRIMESTRE\PROYECTOS III\P3-Motor\Dependencies\Ogre\Src\OgreMain\include\OgrePrerequisites.h(255,13): message : vea la declaración de 'Ogre::Vector<4,Ogre::Real>'
C:\Users\34690\OneDrive\Documentos\TERCERO DE CARRERA\SEGUNDO CUATRIMESTRE\PROYECTOS III\P3-Motor\Dependencies\Ogre\Src\OgreMain\include\OgreAutoParamDataSource.h(109,18): warning C4251: 'Ogre::AutoParamDataSource::mPointParams': class 'Ogre::Vector<4,Ogre::Real>' necesita tener una interfaz DLL para que la utilicen los clientes de class 'Ogre::AutoParamDataSource'
C:\Users\34690\OneDrive\Documentos\TERCERO DE CARRERA\SEGUNDO CUATRIMESTRE\PROYECTOS III\P3-Motor\Dependencies\Ogre\Src\OgreMain\include\OgrePrerequisites.h(255,13): message : vea la declaración de 'Ogre::Vector<4,Ogre::Real>'
C:\Users\34690\OneDrive\Documentos\TERCERO DE CARRERA\SEGUNDO CUATRIMESTRE\PROYECTOS III\P3-Motor\Dependencies\Ogre\Src\OgreMain\include\OgreAutoParamDataSource.h(111,25): warning C4251: 'Ogre::AutoParamDataSource::mSceneDepthRange': class 'Ogre::Vector<4,Ogre::Real>' necesita tener una interfaz DLL para que la utilicen los clientes de class 'Ogre::AutoParamDataSource'
C:\Users\34690\OneDrive\Documentos\TERCERO DE CARRERA\SEGUNDO CUATRIMESTRE\PROYECTOS III\P3-Motor\Dependencies\Ogre\Src\OgreMain\include\OgrePrerequisites.h(255,13): message : vea la declaración de 'Ogre::Vector<4,Ogre::Real>'
C:\Users\34690\OneDrive\Documentos\TERCERO DE CARRERA\SEGUNDO CUATRIMESTRE\PROYECTOS III\P3-Motor\Dependencies\Ogre\Src\OgreMain\include\OgreAutoParamDataSource.h(119,17): warning C4251: 'Ogre::AutoParamDataSource::mCameraRelativePosition': class 'Ogre::Vector<3,Ogre::Real>' necesita tener una interfaz DLL para que la utilicen los clientes de class 'Ogre::AutoParamDataSource'
C:\Users\34690\OneDrive\Documentos\TERCERO DE CARRERA\SEGUNDO CUATRIMESTRE\PROYECTOS III\P3-Motor\Dependencies\Ogre\Src\OgreMain\include\OgrePrerequisites.h(252,13): message : vea la declaración de 'Ogre::Vector<3,Ogre::Real>'
Motor.obj : error LNK2019: símbolo externo "__declspec(dllimport) public: __cdecl Ogre::Root::Root(class std::basic_string<char,struct std::char_traits<char>,class std::allocator<char> > const &,class std::basic_string<char,struct std::char_traits<char>,class std::allocator<char> > const &,class std::basic_string<char,struct std::char_traits<char>,class std::allocator<char> > const &)" (__imp_??0Root@Ogre@@QEAA@AEBV?$basic_string@DU?$char_traits@D@std@@V?$allocator@D@2@@std@@00@Z) sin resolver al que se hace referencia en la función main
C:\Users\34690\OneDrive\Documentos\TERCERO DE CARRERA\SEGUNDO CUATRIMESTRE\PROYECTOS III\P3-Motor\Exe\Motor.exe : fatal error LNK1120: 1 externos sin resolver
